error: ### DISCONNECTED to MongoDB Queues
error: ### ERROR connecting with MongoDB Queues: MongoError: Authentication failed.
error: ### DISCONNECTED to MongoDB Queues
error: ### ERROR connecting with MongoDB Queues: MongoError: Authentication failed.
error: ### DISCONNECTED to MongoDB Queues
error: ### ERROR connecting with MongoDB Queues: MongooseServerSelectionError: connect ECONNREFUSED 127.0.0.1:27017
error: ### DISCONNECTED to MongoDB Queues
error: ### ERROR connecting with MongoDB Queues: MongooseServerSelectionError: connect ECONNREFUSED 127.0.0.1:27017
error: ### DISCONNECTED to MongoDB Queues
error: ### ERROR connecting with MongoDB Queues: MongooseServerSelectionError: connect ECONNREFUSED 127.0.0.1:27017
error: ### DISCONNECTED to MongoDB Queues
error: ### ERROR connecting with MongoDB Queues: MongooseServerSelectionError: Server selection timed out after 30000 ms
error: ### DISCONNECTED to MongoDB Queues
error: ### ERROR connecting with MongoDB Queues: MongooseServerSelectionError: Server selection timed out after 30000 ms
error: ### DISCONNECTED to MongoDB Queues
error: ### ERROR connecting with MongoDB Queues: MongooseServerSelectionError: Server selection timed out after 30000 ms
error: ### DISCONNECTED to MongoDB Queues
error: ### DISCONNECTED to MongoDB Queues
error: ### DISCONNECTED to MongoDB Queues
error: ### ERROR connecting with MongoDB Queues: MongooseServerSelectionError: Server selection timed out after 30000 ms
error: ### DISCONNECTED to MongoDB Agenda
error: ### ERROR connecting with MongoDB Agenda: MongooseServerSelectionError: Server selection timed out after 30000 ms
